{"numFailedTestSuites":0,"numFailedTests":0,"numPassedTestSuites":1,"numPassedTests":7,"numPendingTestSuites":0,"numPendingTests":0,"numRuntimeErrorTestSuites":0,"numTotalTestSuites":1,"numTotalTests":7,"snapshot":{"added":0,"didUpdate":false,"failure":false,"filesAdded":0,"filesRemoved":0,"filesUnmatched":0,"filesUpdated":0,"matched":0,"total":0,"unchecked":0,"unmatched":0,"updated":0},"startTime":1617889987826,"success":true,"testResults":[{"assertionResults":[{"failureMessages":[],"status":"passed","title":"CBJT1-Create Booking component has a form"},{"failureMessages":[],"status":"passed","title":"CBJT2-Create Booking component has three fields (2 inputs & 1 dropdown)"},{"failureMessages":[],"status":"passed","title":"CBJT3-Create Booking component has a button"},{"failureMessages":[],"status":"passed","title":"CBJT4-Name prop of all the input fields is proper"},{"failureMessages":[],"status":"passed","title":"CBJT5-Error message tags for all the fields have proper name attribute"},{"failureMessages":[],"status":"passed","title":"CBJT6-form level success and error messages of CreateBooking component have proper name attribute"},{"failureMessages":[],"status":"passed","title":"CBJT7-All input fields of CreateBooking component have formcontrol class"}],"endTime":1617890013771,"message":"","name":"C:\\Users\\User\\Desktop\\Captone\\FlightBooking-toTrainee\\flight-booking\\src\\App.test.js","startTime":1617889999512,"status":"passed","summary":""}],"wasInterrupted":false,"coverageMap":{"C:\\Users\\User\\Desktop\\Captone\\FlightBooking-toTrainee\\flight-booking\\src\\setupTests.js":{"path":"C:\\Users\\User\\Desktop\\Captone\\FlightBooking-toTrainee\\flight-booking\\src\\setupTests.js","statementMap":{"0":{"start":{"line":4,"column":0},"end":{"line":4,"column":38}}},"fnMap":{},"branchMap":{},"s":{"0":1},"f":{},"b":{},"_coverageSchema":"332fd63041d2c1bcb487cc26dd0d5f7d97098a6c","hash":"99199e6425e40647fe82ed6515763fa34269da26"},"C:\\Users\\User\\Desktop\\Captone\\FlightBooking-toTrainee\\flight-booking\\src\\components\\CreateBooking.js":{"path":"C:\\Users\\User\\Desktop\\Captone\\FlightBooking-toTrainee\\flight-booking\\src\\components\\CreateBooking.js","statementMap":{"0":{"start":{"line":4,"column":12},"end":{"line":4,"column":47}},"1":{"start":{"line":5,"column":13},"end":{"line":5,"column":50}},"2":{"start":{"line":9,"column":4},"end":{"line":9,"column":17}},"3":{"start":{"line":10,"column":4},"end":{"line":30,"column":6}},"4":{"start":{"line":34,"column":4},"end":{"line":46,"column":5}},"5":{"start":{"line":36,"column":16},"end":{"line":36,"column":85}},"6":{"start":{"line":38,"column":6},"end":{"line":38,"column":70}},"7":{"start":{"line":40,"column":6},"end":{"line":45,"column":7}},"8":{"start":{"line":41,"column":8},"end":{"line":41,"column":81}},"9":{"start":{"line":44,"column":8},"end":{"line":44,"column":90}},"10":{"start":{"line":55,"column":4},"end":{"line":55,"column":25}},"11":{"start":{"line":59,"column":4},"end":{"line":69,"column":5}},"12":{"start":{"line":60,"column":16},"end":{"line":60,"column":70}},"13":{"start":{"line":61,"column":6},"end":{"line":61,"column":57}},"14":{"start":{"line":63,"column":6},"end":{"line":68,"column":7}},"15":{"start":{"line":64,"column":8},"end":{"line":64,"column":63}},"16":{"start":{"line":67,"column":8},"end":{"line":67,"column":72}},"17":{"start":{"line":77,"column":4},"end":{"line":77,"column":27}},"18":{"start":{"line":78,"column":4},"end":{"line":78,"column":25}},"19":{"start":{"line":84,"column":21},"end":{"line":84,"column":33}},"20":{"start":{"line":85,"column":16},"end":{"line":85,"column":31}},"21":{"start":{"line":86,"column":4},"end":{"line":86,"column":23}},"22":{"start":{"line":87,"column":4},"end":{"line":87,"column":33}},"23":{"start":{"line":88,"column":4},"end":{"line":88,"column":34}},"24":{"start":{"line":96,"column":22},"end":{"line":96,"column":24}},"25":{"start":{"line":97,"column":28},"end":{"line":97,"column":55}},"26":{"start":{"line":98,"column":21},"end":{"line":98,"column":41}},"27":{"start":{"line":100,"column":4},"end":{"line":127,"column":7}},"28":{"start":{"line":101,"column":16},"end":{"line":101,"column":31}},"29":{"start":{"line":102,"column":17},"end":{"line":102,"column":33}},"30":{"start":{"line":103,"column":6},"end":{"line":107,"column":7}},"31":{"start":{"line":104,"column":8},"end":{"line":104,"column":37}},"32":{"start":{"line":105,"column":12},"end":{"line":107,"column":7}},"33":{"start":{"line":106,"column":8},"end":{"line":106,"column":83}},"34":{"start":{"line":108,"column":6},"end":{"line":108,"column":49}},"35":{"start":{"line":109,"column":6},"end":{"line":109,"column":53}},"36":{"start":{"line":111,"column":11},"end":{"line":127,"column":7}},"37":{"start":{"line":112,"column":8},"end":{"line":114,"column":9}},"38":{"start":{"line":113,"column":10},"end":{"line":113,"column":40}},"39":{"start":{"line":115,"column":8},"end":{"line":115,"column":49}},"40":{"start":{"line":116,"column":8},"end":{"line":116,"column":53}},"41":{"start":{"line":118,"column":11},"end":{"line":127,"column":7}},"42":{"start":{"line":120,"column":8},"end":{"line":124,"column":9}},"43":{"start":{"line":121,"column":10},"end":{"line":121,"column":39}},"44":{"start":{"line":122,"column":14},"end":{"line":124,"column":9}},"45":{"start":{"line":123,"column":10},"end":{"line":123,"column":80}},"46":{"start":{"line":125,"column":8},"end":{"line":125,"column":52}},"47":{"start":{"line":126,"column":8},"end":{"line":126,"column":56}},"48":{"start":{"line":128,"column":4},"end":{"line":128,"column":106}},"49":{"start":{"line":129,"column":4},"end":{"line":129,"column":80}},"50":{"start":{"line":134,"column":4},"end":{"line":181,"column":6}},"51":{"start":{"line":158,"column":26},"end":{"line":158,"column":67}}},"fnMap":{"0":{"name":"(anonymous_0)","decl":{"start":{"line":8,"column":2},"end":{"line":8,"column":3}},"loc":{"start":{"line":8,"column":21},"end":{"line":31,"column":3}},"line":8},"1":{"name":"(anonymous_1)","decl":{"start":{"line":33,"column":18},"end":{"line":33,"column":19}},"loc":{"start":{"line":33,"column":29},"end":{"line":53,"column":3}},"line":33},"2":{"name":"(anonymous_2)","decl":{"start":{"line":54,"column":2},"end":{"line":54,"column":3}},"loc":{"start":{"line":54,"column":21},"end":{"line":56,"column":3}},"line":54},"3":{"name":"(anonymous_3)","decl":{"start":{"line":58,"column":18},"end":{"line":58,"column":19}},"loc":{"start":{"line":58,"column":30},"end":{"line":74,"column":3}},"line":58},"4":{"name":"(anonymous_4)","decl":{"start":{"line":76,"column":17},"end":{"line":76,"column":18}},"loc":{"start":{"line":76,"column":26},"end":{"line":81,"column":3}},"line":76},"5":{"name":"(anonymous_5)","decl":{"start":{"line":83,"column":17},"end":{"line":83,"column":18}},"loc":{"start":{"line":83,"column":26},"end":{"line":93,"column":3}},"line":83},"6":{"name":"(anonymous_6)","decl":{"start":{"line":95,"column":18},"end":{"line":95,"column":19}},"loc":{"start":{"line":95,"column":35},"end":{"line":131,"column":3}},"line":95},"7":{"name":"(anonymous_7)","decl":{"start":{"line":133,"column":2},"end":{"line":133,"column":3}},"loc":{"start":{"line":133,"column":11},"end":{"line":182,"column":3}},"line":133},"8":{"name":"(anonymous_8)","decl":{"start":{"line":157,"column":49},"end":{"line":157,"column":50}},"loc":{"start":{"line":157,"column":56},"end":{"line":159,"column":25}},"line":157}},"branchMap":{"0":{"loc":{"start":{"line":40,"column":6},"end":{"line":45,"column":7}},"type":"if","locations":[{"start":{"line":40,"column":6},"end":{"line":45,"column":7}},{"start":{"line":40,"column":6},"end":{"line":45,"column":7}}],"line":40},"1":{"loc":{"start":{"line":63,"column":6},"end":{"line":68,"column":7}},"type":"if","locations":[{"start":{"line":63,"column":6},"end":{"line":68,"column":7}},{"start":{"line":63,"column":6},"end":{"line":68,"column":7}}],"line":63},"2":{"loc":{"start":{"line":100,"column":4},"end":{"line":127,"column":7}},"type":"if","locations":[{"start":{"line":100,"column":4},"end":{"line":127,"column":7}},{"start":{"line":100,"column":4},"end":{"line":127,"column":7}}],"line":100},"3":{"loc":{"start":{"line":103,"column":6},"end":{"line":107,"column":7}},"type":"if","locations":[{"start":{"line":103,"column":6},"end":{"line":107,"column":7}},{"start":{"line":103,"column":6},"end":{"line":107,"column":7}}],"line":103},"4":{"loc":{"start":{"line":105,"column":12},"end":{"line":107,"column":7}},"type":"if","locations":[{"start":{"line":105,"column":12},"end":{"line":107,"column":7}},{"start":{"line":105,"column":12},"end":{"line":107,"column":7}}],"line":105},"5":{"loc":{"start":{"line":105,"column":17},"end":{"line":105,"column":100}},"type":"binary-expr","locations":[{"start":{"line":105,"column":17},"end":{"line":105,"column":30}},{"start":{"line":105,"column":34},"end":{"line":105,"column":62}},{"start":{"line":105,"column":66},"end":{"line":105,"column":82}},{"start":{"line":105,"column":86},"end":{"line":105,"column":100}}],"line":105},"6":{"loc":{"start":{"line":109,"column":30},"end":{"line":109,"column":53}},"type":"cond-expr","locations":[{"start":{"line":109,"column":43},"end":{"line":109,"column":48}},{"start":{"line":109,"column":49},"end":{"line":109,"column":53}}],"line":109},"7":{"loc":{"start":{"line":111,"column":11},"end":{"line":127,"column":7}},"type":"if","locations":[{"start":{"line":111,"column":11},"end":{"line":127,"column":7}},{"start":{"line":111,"column":11},"end":{"line":127,"column":7}}],"line":111},"8":{"loc":{"start":{"line":112,"column":8},"end":{"line":114,"column":9}},"type":"if","locations":[{"start":{"line":112,"column":8},"end":{"line":114,"column":9}},{"start":{"line":112,"column":8},"end":{"line":114,"column":9}}],"line":112},"9":{"loc":{"start":{"line":116,"column":30},"end":{"line":116,"column":53}},"type":"cond-expr","locations":[{"start":{"line":116,"column":43},"end":{"line":116,"column":48}},{"start":{"line":116,"column":49},"end":{"line":116,"column":53}}],"line":116},"10":{"loc":{"start":{"line":118,"column":11},"end":{"line":127,"column":7}},"type":"if","locations":[{"start":{"line":118,"column":11},"end":{"line":127,"column":7}},{"start":{"line":118,"column":11},"end":{"line":127,"column":7}}],"line":118},"11":{"loc":{"start":{"line":120,"column":8},"end":{"line":124,"column":9}},"type":"if","locations":[{"start":{"line":120,"column":8},"end":{"line":124,"column":9}},{"start":{"line":120,"column":8},"end":{"line":124,"column":9}}],"line":120},"12":{"loc":{"start":{"line":122,"column":14},"end":{"line":124,"column":9}},"type":"if","locations":[{"start":{"line":122,"column":14},"end":{"line":124,"column":9}},{"start":{"line":122,"column":14},"end":{"line":124,"column":9}}],"line":122},"13":{"loc":{"start":{"line":122,"column":19},"end":{"line":122,"column":39}},"type":"binary-expr","locations":[{"start":{"line":122,"column":19},"end":{"line":122,"column":26}},{"start":{"line":122,"column":30},"end":{"line":122,"column":39}}],"line":122},"14":{"loc":{"start":{"line":126,"column":33},"end":{"line":126,"column":56}},"type":"cond-expr","locations":[{"start":{"line":126,"column":46},"end":{"line":126,"column":51}},{"start":{"line":126,"column":52},"end":{"line":126,"column":56}}],"line":126},"15":{"loc":{"start":{"line":128,"column":30},"end":{"line":128,"column":106}},"type":"binary-expr","locations":[{"start":{"line":128,"column":30},"end":{"line":128,"column":53}},{"start":{"line":128,"column":57},"end":{"line":128,"column":78}},{"start":{"line":128,"column":82},"end":{"line":128,"column":106}}],"line":128}},"s":{"0":1,"1":1,"2":7,"3":7,"4":0,"5":0,"6":0,"7":0,"8":0,"9":0,"10":7,"11":7,"12":7,"13":0,"14":4,"15":0,"16":4,"17":0,"18":0,"19":0,"20":0,"21":0,"22":0,"23":0,"24":0,"25":0,"26":0,"27":0,"28":0,"29":0,"30":0,"31":0,"32":0,"33":0,"34":0,"35":0,"36":0,"37":0,"38":0,"39":0,"40":0,"41":0,"42":0,"43":0,"44":0,"45":0,"46":0,"47":0,"48":0,"49":0,"50":13,"51":0},"f":{"0":7,"1":0,"2":7,"3":7,"4":0,"5":0,"6":0,"7":13,"8":0},"b":{"0":[0,0],"1":[0,4],"2":[0,0],"3":[0,0],"4":[0,0],"5":[0,0,0,0],"6":[0,0],"7":[0,0],"8":[0,0],"9":[0,0],"10":[0,0],"11":[0,0],"12":[0,0],"13":[0,0],"14":[0,0],"15":[0,0,0]},"_coverageSchema":"332fd63041d2c1bcb487cc26dd0d5f7d97098a6c","hash":"9f914db890324d6b6af5353ebbaf71d4ea17cc4f"},"C:\\Users\\User\\Desktop\\Captone\\FlightBooking-toTrainee\\flight-booking\\src\\components\\GetBookings.js":{"path":"C:\\Users\\User\\Desktop\\Captone\\FlightBooking-toTrainee\\flight-booking\\src\\components\\GetBookings.js","statementMap":{"0":{"start":{"line":5,"column":12},"end":{"line":5,"column":51}},"1":{"start":{"line":6,"column":13},"end":{"line":6,"column":51}},"2":{"start":{"line":10,"column":4},"end":{"line":10,"column":17}},"3":{"start":{"line":11,"column":4},"end":{"line":17,"column":6}},"4":{"start":{"line":22,"column":4},"end":{"line":22,"column":52}},"5":{"start":{"line":26,"column":4},"end":{"line":26,"column":24}},"6":{"start":{"line":29,"column":4},"end":{"line":38,"column":5}},"7":{"start":{"line":30,"column":16},"end":{"line":30,"column":36}},"8":{"start":{"line":31,"column":6},"end":{"line":31,"column":43}},"9":{"start":{"line":33,"column":6},"end":{"line":37,"column":7}},"10":{"start":{"line":34,"column":8},"end":{"line":34,"column":81}},"11":{"start":{"line":36,"column":8},"end":{"line":36,"column":67}},"12":{"start":{"line":47,"column":4},"end":{"line":56,"column":5}},"13":{"start":{"line":48,"column":16},"end":{"line":48,"column":43}},"14":{"start":{"line":49,"column":6},"end":{"line":49,"column":62}},"15":{"start":{"line":51,"column":6},"end":{"line":55,"column":7}},"16":{"start":{"line":52,"column":8},"end":{"line":52,"column":81}},"17":{"start":{"line":54,"column":8},"end":{"line":54,"column":67}},"18":{"start":{"line":65,"column":28},"end":{"line":65,"column":38}},"19":{"start":{"line":66,"column":17},"end":{"line":66,"column":21}},"20":{"start":{"line":67,"column":4},"end":{"line":69,"column":5}},"21":{"start":{"line":68,"column":6},"end":{"line":68,"column":79}},"22":{"start":{"line":70,"column":4},"end":{"line":116,"column":6}},"23":{"start":{"line":92,"column":22},"end":{"line":102,"column":23}},"24":{"start":{"line":98,"column":106},"end":{"line":98,"column":144}},"25":{"start":{"line":100,"column":101},"end":{"line":100,"column":139}}},"fnMap":{"0":{"name":"(anonymous_0)","decl":{"start":{"line":9,"column":2},"end":{"line":9,"column":3}},"loc":{"start":{"line":9,"column":21},"end":{"line":18,"column":3}},"line":9},"1":{"name":"(anonymous_1)","decl":{"start":{"line":21,"column":18},"end":{"line":21,"column":19}},"loc":{"start":{"line":21,"column":27},"end":{"line":24,"column":3}},"line":21},"2":{"name":"(anonymous_2)","decl":{"start":{"line":25,"column":2},"end":{"line":25,"column":3}},"loc":{"start":{"line":25,"column":21},"end":{"line":27,"column":3}},"line":25},"3":{"name":"(anonymous_3)","decl":{"start":{"line":28,"column":17},"end":{"line":28,"column":18}},"loc":{"start":{"line":28,"column":28},"end":{"line":44,"column":3}},"line":28},"4":{"name":"(anonymous_4)","decl":{"start":{"line":46,"column":17},"end":{"line":46,"column":18}},"loc":{"start":{"line":46,"column":31},"end":{"line":62,"column":3}},"line":46},"5":{"name":"(anonymous_5)","decl":{"start":{"line":64,"column":2},"end":{"line":64,"column":3}},"loc":{"start":{"line":64,"column":11},"end":{"line":117,"column":3}},"line":64},"6":{"name":"(anonymous_6)","decl":{"start":{"line":91,"column":48},"end":{"line":91,"column":49}},"loc":{"start":{"line":91,"column":55},"end":{"line":103,"column":21}},"line":91},"7":{"name":"(anonymous_7)","decl":{"start":{"line":98,"column":97},"end":{"line":98,"column":98}},"loc":{"start":{"line":98,"column":106},"end":{"line":98,"column":144}},"line":98},"8":{"name":"(anonymous_8)","decl":{"start":{"line":100,"column":92},"end":{"line":100,"column":93}},"loc":{"start":{"line":100,"column":101},"end":{"line":100,"column":139}},"line":100}},"branchMap":{"0":{"loc":{"start":{"line":33,"column":6},"end":{"line":37,"column":7}},"type":"if","locations":[{"start":{"line":33,"column":6},"end":{"line":37,"column":7}},{"start":{"line":33,"column":6},"end":{"line":37,"column":7}}],"line":33},"1":{"loc":{"start":{"line":51,"column":6},"end":{"line":55,"column":7}},"type":"if","locations":[{"start":{"line":51,"column":6},"end":{"line":55,"column":7}},{"start":{"line":51,"column":6},"end":{"line":55,"column":7}}],"line":51},"2":{"loc":{"start":{"line":67,"column":4},"end":{"line":69,"column":5}},"type":"if","locations":[{"start":{"line":67,"column":4},"end":{"line":69,"column":5}},{"start":{"line":67,"column":4},"end":{"line":69,"column":5}}],"line":67},"3":{"loc":{"start":{"line":90,"column":19},"end":{"line":104,"column":31}},"type":"cond-expr","locations":[{"start":{"line":90,"column":42},"end":{"line":104,"column":26}},{"start":{"line":104,"column":27},"end":{"line":104,"column":31}}],"line":90}},"s":{"0":1,"1":1,"2":0,"3":0,"4":0,"5":0,"6":0,"7":0,"8":0,"9":0,"10":0,"11":0,"12":0,"13":0,"14":0,"15":0,"16":0,"17":0,"18":0,"19":0,"20":0,"21":0,"22":0,"23":0,"24":0,"25":0},"f":{"0":0,"1":0,"2":0,"3":0,"4":0,"5":0,"6":0,"7":0,"8":0},"b":{"0":[0,0],"1":[0,0],"2":[0,0],"3":[0,0]},"_coverageSchema":"332fd63041d2c1bcb487cc26dd0d5f7d97098a6c","hash":"6a2083177e22a0891b58aa482294e9621a521d26"},"C:\\Users\\User\\Desktop\\Captone\\FlightBooking-toTrainee\\flight-booking\\src\\App.js":{"path":"C:\\Users\\User\\Desktop\\Captone\\FlightBooking-toTrainee\\flight-booking\\src\\App.js","statementMap":{"0":{"start":{"line":1,"column":13},"end":{"line":1,"column":75}},"1":{"start":{"line":1,"column":94},"end":{"line":1,"column":183}},"2":{"start":{"line":8,"column":13},"end":{"line":8,"column":29}},"3":{"start":{"line":8,"column":44},"end":{"line":8,"column":74}},"4":{"start":{"line":8,"column":97},"end":{"line":8,"column":124}},"5":{"start":{"line":8,"column":146},"end":{"line":8,"column":183}},"6":{"start":{"line":8,"column":206},"end":{"line":8,"column":244}},"7":{"start":{"line":8,"column":264},"end":{"line":8,"column":299}},"8":{"start":{"line":8,"column":320},"end":{"line":8,"column":356}},"9":{"start":{"line":8,"column":378},"end":{"line":8,"column":415}},"10":{"start":{"line":8,"column":438},"end":{"line":8,"column":476}},"11":{"start":{"line":8,"column":494},"end":{"line":8,"column":527}},"12":{"start":{"line":8,"column":546},"end":{"line":8,"column":580}},"13":{"start":{"line":9,"column":0},"end":{"line":9,"column":21}},"14":{"start":{"line":9,"column":59},"end":{"line":9,"column":113}},"15":{"start":{"line":12,"column":4},"end":{"line":37,"column":314}},"16":{"start":{"line":37,"column":92},"end":{"line":37,"column":238}},"17":{"start":{"line":42,"column":4},"end":{"line":45,"column":8}}},"fnMap":{"0":{"name":"_interopRequireDefault","decl":{"start":{"line":9,"column":30},"end":{"line":9,"column":52}},"loc":{"start":{"line":9,"column":58},"end":{"line":9,"column":114}},"line":9},"1":{"name":"(anonymous_1)","decl":{"start":{"line":11,"column":2},"end":{"line":11,"column":3}},"loc":{"start":{"line":11,"column":11},"end":{"line":42,"column":3}},"line":11},"2":{"name":"(anonymous_2)","decl":{"start":{"line":37,"column":86},"end":{"line":37,"column":87}},"loc":{"start":{"line":37,"column":92},"end":{"line":37,"column":238}},"line":37}},"branchMap":{"0":{"loc":{"start":{"line":9,"column":66},"end":{"line":9,"column":112}},"type":"cond-expr","locations":[{"start":{"line":9,"column":90},"end":{"line":9,"column":93}},{"start":{"line":9,"column":96},"end":{"line":9,"column":112}}],"line":9},"1":{"loc":{"start":{"line":9,"column":66},"end":{"line":9,"column":87}},"type":"binary-expr","locations":[{"start":{"line":9,"column":66},"end":{"line":9,"column":69}},{"start":{"line":9,"column":73},"end":{"line":9,"column":87}}],"line":9}},"s":{"0":0,"1":0,"2":0,"3":0,"4":0,"5":0,"6":0,"7":0,"8":0,"9":0,"10":0,"11":0,"12":0,"13":0,"14":0,"15":0,"16":0,"17":0},"f":{"0":0,"1":0,"2":0},"b":{"0":[0,0],"1":[0,0]}},"C:\\Users\\User\\Desktop\\Captone\\FlightBooking-toTrainee\\flight-booking\\src\\index.js":{"path":"C:\\Users\\User\\Desktop\\Captone\\FlightBooking-toTrainee\\flight-booking\\src\\index.js","statementMap":{"0":{"start":{"line":1,"column":32},"end":{"line":1,"column":123}},"1":{"start":{"line":1,"column":137},"end":{"line":1,"column":153}},"2":{"start":{"line":1,"column":168},"end":{"line":1,"column":198}},"3":{"start":{"line":2,"column":16},"end":{"line":2,"column":36}},"4":{"start":{"line":2,"column":54},"end":{"line":2,"column":87}},"5":{"start":{"line":3,"column":0},"end":{"line":3,"column":23}},"6":{"start":{"line":4,"column":11},"end":{"line":4,"column":27}},"7":{"start":{"line":4,"column":40},"end":{"line":4,"column":68}},"8":{"start":{"line":5,"column":29},"end":{"line":5,"column":63}},"9":{"start":{"line":5,"column":94},"end":{"line":5,"column":140}},"10":{"start":{"line":6,"column":0},"end":{"line":6,"column":48}},"11":{"start":{"line":7,"column":0},"end":{"line":7,"column":33}},"12":{"start":{"line":8,"column":0},"end":{"line":8,"column":46}},"13":{"start":{"line":8,"column":84},"end":{"line":8,"column":138}},"14":{"start":{"line":10,"column":0},"end":{"line":10,"column":182}},"15":{"start":{"line":12,"column":0},"end":{"line":12,"column":39}}},"fnMap":{"0":{"name":"_interopRequireDefault","decl":{"start":{"line":8,"column":55},"end":{"line":8,"column":77}},"loc":{"start":{"line":8,"column":83},"end":{"line":8,"column":139}},"line":8}},"branchMap":{"0":{"loc":{"start":{"line":8,"column":91},"end":{"line":8,"column":137}},"type":"cond-expr","locations":[{"start":{"line":8,"column":115},"end":{"line":8,"column":118}},{"start":{"line":8,"column":121},"end":{"line":8,"column":137}}],"line":8},"1":{"loc":{"start":{"line":8,"column":91},"end":{"line":8,"column":112}},"type":"binary-expr","locations":[{"start":{"line":8,"column":91},"end":{"line":8,"column":94}},{"start":{"line":8,"column":98},"end":{"line":8,"column":112}}],"line":8}},"s":{"0":0,"1":0,"2":0,"3":0,"4":0,"5":0,"6":0,"7":0,"8":0,"9":0,"10":0,"11":0,"12":0,"13":0,"14":0,"15":0},"f":{"0":0},"b":{"0":[0,0],"1":[0,0]}},"C:\\Users\\User\\Desktop\\Captone\\FlightBooking-toTrainee\\flight-booking\\src\\registerServiceWorker.js":{"path":"C:\\Users\\User\\Desktop\\Captone\\FlightBooking-toTrainee\\flight-booking\\src\\registerServiceWorker.js","statementMap":{"0":{"start":{"line":1,"column":13},"end":{"line":1,"column":75}},"1":{"start":{"line":1,"column":75},"end":{"line":21,"column":9}},"2":{"start":{"line":21,"column":9},"end":{"line":111,"column":24}},"3":{"start":{"line":118,"column":20},"end":{"line":120,"column":89}},"4":{"start":{"line":120,"column":111},"end":{"line":128,"column":36}},"5":{"start":{"line":121,"column":22},"end":{"line":121,"column":70}},"6":{"start":{"line":121,"column":71},"end":{"line":124,"column":14}},"7":{"start":{"line":124,"column":6},"end":{"line":124,"column":13}},"8":{"start":{"line":124,"column":14},"end":{"line":128,"column":35}},"9":{"start":{"line":124,"column":67},"end":{"line":124,"column":112}},"10":{"start":{"line":124,"column":113},"end":{"line":128,"column":32}},"11":{"start":{"line":125,"column":8},"end":{"line":125,"column":39}},"12":{"start":{"line":127,"column":8},"end":{"line":127,"column":178}},"13":{"start":{"line":127,"column":50},"end":{"line":127,"column":175}},"14":{"start":{"line":128,"column":8},"end":{"line":128,"column":31}},"15":{"start":{"line":128,"column":70},"end":{"line":135,"column":156}},"16":{"start":{"line":128,"column":132},"end":{"line":135,"column":68}},"17":{"start":{"line":128,"column":193},"end":{"line":128,"column":216}},"18":{"start":{"line":128,"column":217},"end":{"line":135,"column":66}},"19":{"start":{"line":128,"column":257},"end":{"line":135,"column":64}},"20":{"start":{"line":128,"column":302},"end":{"line":135,"column":63}},"21":{"start":{"line":132,"column":12},"end":{"line":132,"column":69}},"22":{"start":{"line":135,"column":12},"end":{"line":135,"column":62}},"23":{"start":{"line":135,"column":87},"end":{"line":135,"column":153}},"24":{"start":{"line":136,"column":2},"end":{"line":139,"column":126}},"25":{"start":{"line":137,"column":4},"end":{"line":139,"column":30}},"26":{"start":{"line":138,"column":6},"end":{"line":138,"column":127}},"27":{"start":{"line":138,"column":58},"end":{"line":138,"column":124}},"28":{"start":{"line":138,"column":96},"end":{"line":138,"column":121}},"29":{"start":{"line":139,"column":6},"end":{"line":139,"column":29}},"30":{"start":{"line":139,"column":46},"end":{"line":139,"column":123}},"31":{"start":{"line":139,"column":150},"end":{"line":139,"column":267}},"32":{"start":{"line":139,"column":185},"end":{"line":139,"column":266}},"33":{"start":{"line":139,"column":237},"end":{"line":139,"column":263}}},"fnMap":{"0":{"name":"register","decl":{"start":{"line":120,"column":99},"end":{"line":120,"column":107}},"loc":{"start":{"line":120,"column":110},"end":{"line":128,"column":37}},"line":120},"1":{"name":"(anonymous_1)","decl":{"start":{"line":124,"column":46},"end":{"line":124,"column":47}},"loc":{"start":{"line":124,"column":52},"end":{"line":128,"column":33}},"line":124},"2":{"name":"(anonymous_2)","decl":{"start":{"line":127,"column":43},"end":{"line":127,"column":44}},"loc":{"start":{"line":127,"column":49},"end":{"line":127,"column":176}},"line":127},"3":{"name":"registerValidSW","decl":{"start":{"line":128,"column":46},"end":{"line":128,"column":61}},"loc":{"start":{"line":128,"column":69},"end":{"line":135,"column":157}},"line":128},"4":{"name":"(anonymous_4)","decl":{"start":{"line":128,"column":115},"end":{"line":128,"column":116}},"loc":{"start":{"line":128,"column":131},"end":{"line":135,"column":69}},"line":128},"5":{"name":"(anonymous_5)","decl":{"start":{"line":128,"column":161},"end":{"line":128,"column":162}},"loc":{"start":{"line":128,"column":167},"end":{"line":135,"column":67}},"line":128},"6":{"name":"(anonymous_6)","decl":{"start":{"line":128,"column":250},"end":{"line":128,"column":251}},"loc":{"start":{"line":128,"column":256},"end":{"line":135,"column":65}},"line":128},"7":{"name":"(anonymous_7)","decl":{"start":{"line":135,"column":77},"end":{"line":135,"column":78}},"loc":{"start":{"line":135,"column":86},"end":{"line":135,"column":154}},"line":135},"8":{"name":"checkValidServiceWorker","decl":{"start":{"line":135,"column":166},"end":{"line":135,"column":189}},"loc":{"start":{"line":135,"column":197},"end":{"line":139,"column":127}},"line":135},"9":{"name":"(anonymous_9)","decl":{"start":{"line":136,"column":20},"end":{"line":136,"column":21}},"loc":{"start":{"line":136,"column":32},"end":{"line":139,"column":31}},"line":136},"10":{"name":"(anonymous_10)","decl":{"start":{"line":138,"column":41},"end":{"line":138,"column":42}},"loc":{"start":{"line":138,"column":57},"end":{"line":138,"column":125}},"line":138},"11":{"name":"(anonymous_11)","decl":{"start":{"line":138,"column":89},"end":{"line":138,"column":90}},"loc":{"start":{"line":138,"column":95},"end":{"line":138,"column":122}},"line":138},"12":{"name":"(anonymous_12)","decl":{"start":{"line":139,"column":39},"end":{"line":139,"column":40}},"loc":{"start":{"line":139,"column":45},"end":{"line":139,"column":124}},"line":139},"13":{"name":"unregister","decl":{"start":{"line":139,"column":136},"end":{"line":139,"column":146}},"loc":{"start":{"line":139,"column":149},"end":{"line":139,"column":268}},"line":139},"14":{"name":"(anonymous_14)","decl":{"start":{"line":139,"column":220},"end":{"line":139,"column":221}},"loc":{"start":{"line":139,"column":236},"end":{"line":139,"column":264}},"line":139}},"branchMap":{"0":{"loc":{"start":{"line":118,"column":28},"end":{"line":120,"column":88}},"type":"binary-expr","locations":[{"start":{"line":118,"column":28},"end":{"line":118,"column":68}},{"start":{"line":119,"column":0},"end":{"line":119,"column":36}},{"start":{"line":120,"column":0},"end":{"line":120,"column":88}}],"line":118},"1":{"loc":{"start":{"line":120,"column":111},"end":{"line":128,"column":36}},"type":"if","locations":[{"start":{"line":120,"column":111},"end":{"line":128,"column":36}},{"start":{"line":120,"column":111},"end":{"line":128,"column":36}}],"line":120},"2":{"loc":{"start":{"line":120,"column":115},"end":{"line":120,"column":184}},"type":"binary-expr","locations":[{"start":{"line":120,"column":115},"end":{"line":120,"column":152}},{"start":{"line":120,"column":156},"end":{"line":120,"column":184}}],"line":120},"3":{"loc":{"start":{"line":121,"column":71},"end":{"line":124,"column":14}},"type":"if","locations":[{"start":{"line":121,"column":71},"end":{"line":124,"column":14}},{"start":{"line":121,"column":71},"end":{"line":124,"column":14}}],"line":121},"4":{"loc":{"start":{"line":124,"column":113},"end":{"line":128,"column":32}},"type":"if","locations":[{"start":{"line":124,"column":113},"end":{"line":128,"column":32}},{"start":{"line":124,"column":113},"end":{"line":128,"column":32}}],"line":124},"5":{"loc":{"start":{"line":128,"column":257},"end":{"line":135,"column":64}},"type":"if","locations":[{"start":{"line":128,"column":257},"end":{"line":135,"column":64}},{"start":{"line":128,"column":257},"end":{"line":135,"column":64}}],"line":128},"6":{"loc":{"start":{"line":128,"column":302},"end":{"line":135,"column":63}},"type":"if","locations":[{"start":{"line":128,"column":302},"end":{"line":135,"column":63}},{"start":{"line":128,"column":302},"end":{"line":135,"column":63}}],"line":128},"7":{"loc":{"start":{"line":137,"column":4},"end":{"line":139,"column":30}},"type":"if","locations":[{"start":{"line":137,"column":4},"end":{"line":139,"column":30}},{"start":{"line":137,"column":4},"end":{"line":139,"column":30}}],"line":137},"8":{"loc":{"start":{"line":137,"column":8},"end":{"line":137,"column":100}},"type":"binary-expr","locations":[{"start":{"line":137,"column":8},"end":{"line":137,"column":31}},{"start":{"line":137,"column":35},"end":{"line":137,"column":100}}],"line":137},"9":{"loc":{"start":{"line":139,"column":150},"end":{"line":139,"column":267}},"type":"if","locations":[{"start":{"line":139,"column":150},"end":{"line":139,"column":267}},{"start":{"line":139,"column":150},"end":{"line":139,"column":267}}],"line":139}},"s":{"0":0,"1":0,"2":0,"3":0,"4":0,"5":0,"6":0,"7":0,"8":0,"9":0,"10":0,"11":0,"12":0,"13":0,"14":0,"15":0,"16":0,"17":0,"18":0,"19":0,"20":0,"21":0,"22":0,"23":0,"24":0,"25":0,"26":0,"27":0,"28":0,"29":0,"30":0,"31":0,"32":0,"33":0},"f":{"0":0,"1":0,"2":0,"3":0,"4":0,"5":0,"6":0,"7":0,"8":0,"9":0,"10":0,"11":0,"12":0,"13":0,"14":0},"b":{"0":[0,0,0],"1":[0,0],"2":[0,0],"3":[0,0],"4":[0,0],"5":[0,0],"6":[0,0],"7":[0,0],"8":[0,0],"9":[0,0]}},"C:\\Users\\User\\Desktop\\Captone\\FlightBooking-toTrainee\\flight-booking\\src\\components\\evaluator.js":{"path":"C:\\Users\\User\\Desktop\\Captone\\FlightBooking-toTrainee\\flight-booking\\src\\components\\evaluator.js","statementMap":{"0":{"start":{"line":1,"column":13},"end":{"line":1,"column":75}},"1":{"start":{"line":1,"column":94},"end":{"line":1,"column":201}},"2":{"start":{"line":1,"column":215},"end":{"line":1,"column":231}},"3":{"start":{"line":1,"column":246},"end":{"line":1,"column":276}},"4":{"start":{"line":2,"column":0},"end":{"line":2,"column":22}},"5":{"start":{"line":3,"column":13},"end":{"line":3,"column":29}},"6":{"start":{"line":3,"column":44},"end":{"line":3,"column":74}},"7":{"start":{"line":3,"column":113},"end":{"line":3,"column":167}},"8":{"start":{"line":7,"column":8},"end":{"line":7,"column":21}},"9":{"start":{"line":7,"column":21},"end":{"line":26,"column":10}},"10":{"start":{"line":16,"column":12},"end":{"line":16,"column":47}},"11":{"start":{"line":17,"column":12},"end":{"line":25,"column":15}},"12":{"start":{"line":18,"column":16},"end":{"line":18,"column":60}},"13":{"start":{"line":20,"column":16},"end":{"line":24,"column":17}},"14":{"start":{"line":21,"column":20},"end":{"line":21,"column":55}},"15":{"start":{"line":23,"column":20},"end":{"line":23,"column":42}},"16":{"start":{"line":26,"column":10},"end":{"line":55,"column":10}},"17":{"start":{"line":29,"column":29},"end":{"line":29,"column":48}},"18":{"start":{"line":30,"column":31},"end":{"line":30,"column":33}},"19":{"start":{"line":30,"column":43},"end":{"line":30,"column":44}},"20":{"start":{"line":30,"column":59},"end":{"line":30,"column":61}},"21":{"start":{"line":30,"column":75},"end":{"line":30,"column":77}},"22":{"start":{"line":31,"column":12},"end":{"line":54,"column":13}},"23":{"start":{"line":32,"column":16},"end":{"line":49,"column":17}},"24":{"start":{"line":33,"column":34},"end":{"line":33,"column":36}},"25":{"start":{"line":34,"column":20},"end":{"line":42,"column":21}},"26":{"start":{"line":35,"column":24},"end":{"line":35,"column":55}},"27":{"start":{"line":36,"column":24},"end":{"line":36,"column":153}},"28":{"start":{"line":37,"column":24},"end":{"line":37,"column":37}},"29":{"start":{"line":38,"column":27},"end":{"line":42,"column":21}},"30":{"start":{"line":39,"column":24},"end":{"line":39,"column":46}},"31":{"start":{"line":40,"column":24},"end":{"line":40,"column":53}},"32":{"start":{"line":41,"column":24},"end":{"line":41,"column":153}},"33":{"start":{"line":43,"column":34},"end":{"line":45,"column":286}},"34":{"start":{"line":47,"column":20},"end":{"line":47,"column":47}},"35":{"start":{"line":48,"column":20},"end":{"line":48,"column":25}},"36":{"start":{"line":50,"column":16},"end":{"line":50,"column":36}},"37":{"start":{"line":52,"column":16},"end":{"line":52,"column":49}},"38":{"start":{"line":55,"column":10},"end":{"line":61,"column":10}},"39":{"start":{"line":58,"column":12},"end":{"line":60,"column":90}},"40":{"start":{"line":59,"column":30},"end":{"line":59,"column":51}},"41":{"start":{"line":60,"column":26},"end":{"line":60,"column":60}},"42":{"start":{"line":60,"column":60},"end":{"line":60,"column":87}},"43":{"start":{"line":61,"column":10},"end":{"line":70,"column":10}},"44":{"start":{"line":64,"column":12},"end":{"line":64,"column":46}},"45":{"start":{"line":65,"column":12},"end":{"line":69,"column":15}},"46":{"start":{"line":66,"column":16},"end":{"line":66,"column":57}},"47":{"start":{"line":68,"column":16},"end":{"line":68,"column":28}},"48":{"start":{"line":70,"column":10},"end":{"line":70,"column":75}},"49":{"start":{"line":73,"column":8},"end":{"line":133,"column":244}},"50":{"start":{"line":148,"column":6},"end":{"line":152,"column":10}}},"fnMap":{"0":{"name":"_interopRequireDefault","decl":{"start":{"line":3,"column":84},"end":{"line":3,"column":106}},"loc":{"start":{"line":3,"column":112},"end":{"line":3,"column":168}},"line":3},"1":{"name":"(anonymous_1)","decl":{"start":{"line":6,"column":4},"end":{"line":6,"column":5}},"loc":{"start":{"line":6,"column":23},"end":{"line":70,"column":76}},"line":6},"2":{"name":"(anonymous_2)","decl":{"start":{"line":15,"column":18},"end":{"line":15,"column":19}},"loc":{"start":{"line":15,"column":24},"end":{"line":26,"column":9}},"line":15},"3":{"name":"(anonymous_3)","decl":{"start":{"line":17,"column":70},"end":{"line":17,"column":71}},"loc":{"start":{"line":17,"column":82},"end":{"line":19,"column":13}},"line":17},"4":{"name":"(anonymous_4)","decl":{"start":{"line":19,"column":21},"end":{"line":19,"column":22}},"loc":{"start":{"line":19,"column":30},"end":{"line":25,"column":13}},"line":19},"5":{"name":"(anonymous_5)","decl":{"start":{"line":28,"column":26},"end":{"line":28,"column":27}},"loc":{"start":{"line":28,"column":32},"end":{"line":55,"column":9}},"line":28},"6":{"name":"(anonymous_6)","decl":{"start":{"line":57,"column":22},"end":{"line":57,"column":23}},"loc":{"start":{"line":57,"column":28},"end":{"line":61,"column":9}},"line":57},"7":{"name":"(anonymous_7)","decl":{"start":{"line":59,"column":17},"end":{"line":59,"column":18}},"loc":{"start":{"line":59,"column":29},"end":{"line":59,"column":52}},"line":59},"8":{"name":"(anonymous_8)","decl":{"start":{"line":60,"column":18},"end":{"line":60,"column":19}},"loc":{"start":{"line":60,"column":25},"end":{"line":60,"column":88}},"line":60},"9":{"name":"(anonymous_9)","decl":{"start":{"line":63,"column":19},"end":{"line":63,"column":20}},"loc":{"start":{"line":63,"column":25},"end":{"line":70,"column":9}},"line":63},"10":{"name":"(anonymous_10)","decl":{"start":{"line":65,"column":43},"end":{"line":65,"column":44}},"loc":{"start":{"line":65,"column":51},"end":{"line":67,"column":13}},"line":65},"11":{"name":"(anonymous_11)","decl":{"start":{"line":67,"column":21},"end":{"line":67,"column":22}},"loc":{"start":{"line":67,"column":28},"end":{"line":69,"column":13}},"line":67},"12":{"name":"(anonymous_12)","decl":{"start":{"line":72,"column":4},"end":{"line":72,"column":5}},"loc":{"start":{"line":72,"column":13},"end":{"line":148,"column":5}},"line":72}},"branchMap":{"0":{"loc":{"start":{"line":3,"column":120},"end":{"line":3,"column":166}},"type":"cond-expr","locations":[{"start":{"line":3,"column":144},"end":{"line":3,"column":147}},{"start":{"line":3,"column":150},"end":{"line":3,"column":166}}],"line":3},"1":{"loc":{"start":{"line":3,"column":120},"end":{"line":3,"column":141}},"type":"binary-expr","locations":[{"start":{"line":3,"column":120},"end":{"line":3,"column":123}},{"start":{"line":3,"column":127},"end":{"line":3,"column":141}}],"line":3},"2":{"loc":{"start":{"line":20,"column":16},"end":{"line":24,"column":17}},"type":"if","locations":[{"start":{"line":20,"column":16},"end":{"line":24,"column":17}},{"start":{"line":20,"column":16},"end":{"line":24,"column":17}}],"line":20},"3":{"loc":{"start":{"line":31,"column":12},"end":{"line":54,"column":13}},"type":"if","locations":[{"start":{"line":31,"column":12},"end":{"line":54,"column":13}},{"start":{"line":31,"column":12},"end":{"line":54,"column":13}}],"line":31},"4":{"loc":{"start":{"line":34,"column":20},"end":{"line":42,"column":21}},"type":"if","locations":[{"start":{"line":34,"column":20},"end":{"line":42,"column":21}},{"start":{"line":34,"column":20},"end":{"line":42,"column":21}}],"line":34},"5":{"loc":{"start":{"line":38,"column":27},"end":{"line":42,"column":21}},"type":"if","locations":[{"start":{"line":38,"column":27},"end":{"line":42,"column":21}},{"start":{"line":38,"column":27},"end":{"line":42,"column":21}}],"line":38},"6":{"loc":{"start":{"line":76,"column":16},"end":{"line":83,"column":20}},"type":"cond-expr","locations":[{"start":{"line":77,"column":16},"end":{"line":80,"column":159}},{"start":{"line":83,"column":16},"end":{"line":83,"column":20}}],"line":76},"7":{"loc":{"start":{"line":108,"column":40},"end":{"line":133,"column":235}},"type":"cond-expr","locations":[{"start":{"line":109,"column":40},"end":{"line":123,"column":77}},{"start":{"line":128,"column":40},"end":{"line":133,"column":235}}],"line":108}},"s":{"0":0,"1":0,"2":0,"3":0,"4":0,"5":0,"6":0,"7":0,"8":0,"9":0,"10":0,"11":0,"12":0,"13":0,"14":0,"15":0,"16":0,"17":0,"18":0,"19":0,"20":0,"21":0,"22":0,"23":0,"24":0,"25":0,"26":0,"27":0,"28":0,"29":0,"30":0,"31":0,"32":0,"33":0,"34":0,"35":0,"36":0,"37":0,"38":0,"39":0,"40":0,"41":0,"42":0,"43":0,"44":0,"45":0,"46":0,"47":0,"48":0,"49":0,"50":0},"f":{"0":0,"1":0,"2":0,"3":0,"4":0,"5":0,"6":0,"7":0,"8":0,"9":0,"10":0,"11":0,"12":0},"b":{"0":[0,0],"1":[0,0],"2":[0,0],"3":[0,0],"4":[0,0],"5":[0,0],"6":[0,0],"7":[0,0]}},"C:\\Users\\User\\Desktop\\Captone\\FlightBooking-toTrainee\\flight-booking\\src\\components\\updateBooking.js":{"path":"C:\\Users\\User\\Desktop\\Captone\\FlightBooking-toTrainee\\flight-booking\\src\\components\\updateBooking.js","statementMap":{"0":{"start":{"line":1,"column":13},"end":{"line":1,"column":75}},"1":{"start":{"line":1,"column":94},"end":{"line":1,"column":205}},"2":{"start":{"line":1,"column":219},"end":{"line":1,"column":235}},"3":{"start":{"line":1,"column":250},"end":{"line":1,"column":280}},"4":{"start":{"line":2,"column":13},"end":{"line":2,"column":29}},"5":{"start":{"line":2,"column":44},"end":{"line":2,"column":74}},"6":{"start":{"line":2,"column":113},"end":{"line":2,"column":167}},"7":{"start":{"line":4,"column":12},"end":{"line":4,"column":50}},"8":{"start":{"line":8,"column":8},"end":{"line":8,"column":21}},"9":{"start":{"line":8,"column":21},"end":{"line":35,"column":10}},"10":{"start":{"line":35,"column":10},"end":{"line":39,"column":10}},"11":{"start":{"line":39,"column":10},"end":{"line":46,"column":10}},"12":{"start":{"line":46,"column":10},"end":{"line":50,"column":10}},"13":{"start":{"line":50,"column":10},"end":{"line":50,"column":272}},"14":{"start":{"line":53,"column":8},"end":{"line":63,"column":171}},"15":{"start":{"line":73,"column":6},"end":{"line":76,"column":14}}},"fnMap":{"0":{"name":"_interopRequireDefault","decl":{"start":{"line":2,"column":84},"end":{"line":2,"column":106}},"loc":{"start":{"line":2,"column":112},"end":{"line":2,"column":168}},"line":2},"1":{"name":"(anonymous_1)","decl":{"start":{"line":7,"column":4},"end":{"line":7,"column":5}},"loc":{"start":{"line":7,"column":23},"end":{"line":50,"column":273}},"line":7},"2":{"name":"(anonymous_2)","decl":{"start":{"line":30,"column":24},"end":{"line":30,"column":25}},"loc":{"start":{"line":30,"column":30},"end":{"line":35,"column":9}},"line":30},"3":{"name":"(anonymous_3)","decl":{"start":{"line":37,"column":23},"end":{"line":37,"column":24}},"loc":{"start":{"line":37,"column":32},"end":{"line":39,"column":9}},"line":37},"4":{"name":"(anonymous_4)","decl":{"start":{"line":41,"column":23},"end":{"line":41,"column":24}},"loc":{"start":{"line":41,"column":32},"end":{"line":46,"column":9}},"line":41},"5":{"name":"(anonymous_5)","decl":{"start":{"line":48,"column":24},"end":{"line":48,"column":25}},"loc":{"start":{"line":48,"column":46},"end":{"line":50,"column":9}},"line":48},"6":{"name":"(anonymous_6)","decl":{"start":{"line":52,"column":4},"end":{"line":52,"column":5}},"loc":{"start":{"line":52,"column":13},"end":{"line":73,"column":5}},"line":52}},"branchMap":{"0":{"loc":{"start":{"line":2,"column":120},"end":{"line":2,"column":166}},"type":"cond-expr","locations":[{"start":{"line":2,"column":144},"end":{"line":2,"column":147}},{"start":{"line":2,"column":150},"end":{"line":2,"column":166}}],"line":2},"1":{"loc":{"start":{"line":2,"column":120},"end":{"line":2,"column":141}},"type":"binary-expr","locations":[{"start":{"line":2,"column":120},"end":{"line":2,"column":123}},{"start":{"line":2,"column":127},"end":{"line":2,"column":141}}],"line":2}},"s":{"0":0,"1":0,"2":0,"3":0,"4":0,"5":0,"6":0,"7":0,"8":0,"9":0,"10":0,"11":0,"12":0,"13":0,"14":0,"15":0},"f":{"0":0,"1":0,"2":0,"3":0,"4":0,"5":0,"6":0},"b":{"0":[0,0],"1":[0,0]}}}}